<?xml version="1.0" encoding="UTF-8"?>
<!-- Generated by org.testng.reporters.JUnitReportReporter -->
<testsuite hostname="DESKTOP-R630L3V" failures="0" tests="1" name="pwdresthousetestpkg.Paymentstatustest" time="55.755" errors="0" timestamp="2024-03-30T08:38:02 IST" skipped="0">
  <testcase classname="pwdresthousetestpkg.Paymentstatustest" name="transactionstest" time="55.755"/>
  <system-out/>
</testsuite> <!-- pwdresthousetestpkg.Paymentstatustest -->
