<?xml version="1.0" encoding="UTF-8"?>
<!-- Generated by org.testng.reporters.JUnitReportReporter -->
<testsuite hostname="DESKTOP-R630L3V" failures="0" tests="1" name="pwdresthousetestpkg.Homepagetest" time="24.858" errors="0" timestamp="2024-03-28T20:23:18 IST" skipped="0">
  <testcase classname="pwdresthousetestpkg.Homepagetest" name="Scrollingtest" time="24.858"/>
  <system-out/>
</testsuite> <!-- pwdresthousetestpkg.Homepagetest -->
