<?xml version="1.0" encoding="UTF-8"?>
<!-- Generated by org.testng.reporters.JUnitReportReporter -->
<testsuite hostname="DESKTOP-R630L3V" failures="0" tests="1" name="pwdresthousetestpkg.Cancelbookingtest" time="36.214" errors="0" timestamp="2024-03-30T11:22:53 IST" skipped="0">
  <testcase classname="pwdresthousetestpkg.Cancelbookingtest" name="onlinebooking" time="36.214"/>
  <system-out/>
</testsuite> <!-- pwdresthousetestpkg.Cancelbookingtest -->
