<?xml version="1.0" encoding="UTF-8"?>
<!-- Generated by org.testng.reporters.JUnitReportReporter -->
<testsuite hostname="DESKTOP-R630L3V" failures="0" tests="1" name="pwdresthousetestpkg.Onlinebookingstatuscancelpagetest" time="85.715" errors="0" timestamp="2024-03-27T20:20:49 IST" skipped="0">
  <testcase classname="pwdresthousetestpkg.Onlinebookingstatuscancelpagetest" name="statuscancelonlinebooking" time="85.715"/>
  <system-out/>
</testsuite> <!-- pwdresthousetestpkg.Onlinebookingstatuscancelpagetest -->
