<?xml version="1.0" encoding="UTF-8"?>
<!-- Generated by org.testng.reporters.JUnitReportReporter -->
<testsuite hostname="DESKTOP-R630L3V" failures="0" tests="1" name="pwdresthousetestpkg.pwdhomesearchtest" time="40.271" errors="0" timestamp="2024-03-28T20:50:50 IST" skipped="0">
  <testcase classname="pwdresthousetestpkg.pwdhomesearchtest" name="search" time="40.271"/>
  <system-out/>
</testsuite> <!-- pwdresthousetestpkg.pwdhomesearchtest -->
