<?xml version="1.0" encoding="UTF-8"?>
<!-- Generated by org.testng.reporters.JUnitReportReporter -->
<testsuite hostname="DESKTOP-R630L3V" failures="0" tests="1" name="pwdresthousetestpkg.Resthousepagetest" time="33.440" errors="0" timestamp="2024-03-30T11:33:02 IST" skipped="0">
  <testcase classname="pwdresthousetestpkg.Resthousepagetest" name="clickresthousetest" time="33.440"/>
  <system-out/>
</testsuite> <!-- pwdresthousetestpkg.Resthousepagetest -->
