<?xml version="1.0" encoding="UTF-8"?>
<!-- Generated by org.testng.reporters.JUnitReportReporter -->
<testsuite hostname="DESKTOP-R630L3V" failures="0" tests="1" name="pwdresthousetestpkg.Bookingpagetest" time="41.819" errors="0" timestamp="2024-03-29T08:43:42 IST" skipped="0">
  <testcase classname="pwdresthousetestpkg.Bookingpagetest" name="checkbooking" time="41.819"/>
  <system-out/>
</testsuite> <!-- pwdresthousetestpkg.Bookingpagetest -->
