<?xml version="1.0" encoding="UTF-8"?>
<!-- Generated by org.testng.reporters.JUnitReportReporter -->
<testsuite hostname="DESKTOP-R630L3V" failures="0" tests="1" name="pwdresthousetestpkg.Onlinebookingtest" time="42.507" errors="0" timestamp="2024-03-29T10:18:49 IST" skipped="0">
  <testcase classname="pwdresthousetestpkg.Onlinebookingtest" name="onlinetest" time="42.507"/>
  <system-out/>
</testsuite> <!-- pwdresthousetestpkg.Onlinebookingtest -->
