<?xml version="1.0" encoding="UTF-8"?>
<!-- Generated by org.testng.reporters.JUnitReportReporter -->
<testsuite hostname="DESKTOP-R630L3V" failures="0" tests="1" name="pwdresthousetestpkg.Contactpagetest" time="107.954" errors="0" timestamp="2024-03-27T22:55:22 IST" skipped="0">
  <testcase classname="pwdresthousetestpkg.Contactpagetest" name="gotocontacttest" time="107.954"/>
  <system-out/>
</testsuite> <!-- pwdresthousetestpkg.Contactpagetest -->
